DEBUG - 2025-07-10 22:41:30 --> Session: Class initialized using 'CodeIgniter\Session\Handlers\FileHandler' driver.
DEBUG - 2025-07-10 22:41:30 --> Session: Class initialized using 'CodeIgniter\Session\Handlers\FileHandler' driver.
DEBUG - 2025-07-10 22:42:21 --> Session: Class initialized using 'CodeIgniter\Session\Handlers\FileHandler' driver.
DEBUG - 2025-07-10 22:42:21 --> Session: Class initialized using 'CodeIgniter\Session\Handlers\FileHandler' driver.
DEBUG - 2025-07-10 22:42:38 --> Session: Class initialized using 'CodeIgniter\Session\Handlers\FileHandler' driver.
DEBUG - 2025-07-10 22:42:38 --> Session: Class initialized using 'CodeIgniter\Session\Handlers\FileHandler' driver.
DEBUG - 2025-07-10 22:42:47 --> Session: Class initialized using 'CodeIgniter\Session\Handlers\FileHandler' driver.
DEBUG - 2025-07-10 22:42:59 --> Session: Class initialized using 'CodeIgniter\Session\Handlers\FileHandler' driver.
DEBUG - 2025-07-10 22:43:09 --> Session: Class initialized using 'CodeIgniter\Session\Handlers\FileHandler' driver.
DEBUG - 2025-07-10 22:45:32 --> Session: Class initialized using 'CodeIgniter\Session\Handlers\FileHandler' driver.
DEBUG - 2025-07-10 22:45:32 --> Session: Class initialized using 'CodeIgniter\Session\Handlers\FileHandler' driver.
CRITICAL - 2025-07-10 23:12:04 --> ErrorException: Undefined variable $artikel_terkini
[Method: GET, Route: artikel]
in APPPATH\Views\template\footer.php on line 6.
 1 APPPATH\Views\template\footer.php(6): CodeIgniter\Debug\Exceptions->errorHandler(2, 'Undefined variable $artikel_terkini', 'C:\\xampp\\htdocs\\lab7_web\\ci4\\app\\Views\\template\\footer.php', 6)
 2 SYSTEMPATH\View\View.php(224): include('C:\\xampp\\htdocs\\lab7_web\\ci4\\app\\Views\\template\\footer.php')
 3 SYSTEMPATH\View\View.php(227): CodeIgniter\View\View->CodeIgniter\View\{closure}()
 4 SYSTEMPATH\View\View.php(475): CodeIgniter\View\View->render('template/footer', null, true)
 5 APPPATH\Views\artikel\index.php(24): CodeIgniter\View\View->include('template/footer')
 6 SYSTEMPATH\View\View.php(224): include('C:\\xampp\\htdocs\\lab7_web\\ci4\\app\\Views\\artikel\\index.php')
 7 SYSTEMPATH\View\View.php(227): CodeIgniter\View\View->CodeIgniter\View\{closure}()
 8 SYSTEMPATH\Common.php(1173): CodeIgniter\View\View->render('artikel/index', [], true)
 9 APPPATH\Controllers\Artikel.php(16): view('artikel/index', [...])
10 SYSTEMPATH\CodeIgniter.php(933): App\Controllers\Artikel->index()
11 SYSTEMPATH\CodeIgniter.php(507): CodeIgniter\CodeIgniter->runController(Object(App\Controllers\Artikel))
12 SYSTEMPATH\CodeIgniter.php(354): CodeIgniter\CodeIgniter->handleRequest(null, Object(Config\Cache), false)
13 SYSTEMPATH\Boot.php(334): CodeIgniter\CodeIgniter->run()
14 SYSTEMPATH\Boot.php(67): CodeIgniter\Boot::runCodeIgniter(Object(CodeIgniter\CodeIgniter))
15 FCPATH\index.php(59): CodeIgniter\Boot::bootWeb(Object(Config\Paths))
16 SYSTEMPATH\rewrite.php(44): require_once('C:\\xampp\\htdocs\\lab7_web\\ci4\\public\\index.php')
DEBUG - 2025-07-10 23:15:03 --> Session: Class initialized using 'CodeIgniter\Session\Handlers\FileHandler' driver.
ERROR - 2025-07-10 23:15:07 --> mysqli_sql_exception: Unknown column 'created_at' in 'order clause' in C:\xampp\htdocs\lab7_web\ci4\system\Database\MySQLi\Connection.php:327
Stack trace:
#0 C:\xampp\htdocs\lab7_web\ci4\system\Database\MySQLi\Connection.php(327): mysqli->query('SELECT *\nFROM `...', 0)
#1 C:\xampp\htdocs\lab7_web\ci4\system\Database\BaseConnection.php(738): CodeIgniter\Database\MySQLi\Connection->execute('SELECT *\nFROM `...')
#2 C:\xampp\htdocs\lab7_web\ci4\system\Database\BaseConnection.php(652): CodeIgniter\Database\BaseConnection->simpleQuery('SELECT *\nFROM `...')
#3 C:\xampp\htdocs\lab7_web\ci4\system\Database\BaseBuilder.php(1649): CodeIgniter\Database\BaseConnection->query('SELECT *\nFROM `...', Array, false)
#4 C:\xampp\htdocs\lab7_web\ci4\system\Model.php(213): CodeIgniter\Database\BaseBuilder->get()
#5 C:\xampp\htdocs\lab7_web\ci4\system\BaseModel.php(613): CodeIgniter\Model->doFind(false, NULL)
#6 C:\xampp\htdocs\lab7_web\ci4\app\Controllers\Sidebar.php(16): CodeIgniter\BaseModel->find()
#7 C:\xampp\htdocs\lab7_web\ci4\system\View\Cell.php(283): App\Controllers\Sidebar->widget()
#8 C:\xampp\htdocs\lab7_web\ci4\system\View\Cell.php(104): CodeIgniter\View\Cell->renderSimpleClass(Object(App\Controllers\Sidebar), 'widget', Array, 'App\\Controllers...')
#9 C:\xampp\htdocs\lab7_web\ci4\system\Common.php(1189): CodeIgniter\View\Cell->render('App\\Controllers...', Array, 0, 'AppControllersS...')
#10 C:\xampp\htdocs\lab7_web\ci4\app\Views\template\footer.php(3): view_cell('App\\Controllers...')
#11 C:\xampp\htdocs\lab7_web\ci4\system\View\View.php(224): include('C:\\xampp\\htdocs...')
#12 C:\xampp\htdocs\lab7_web\ci4\system\View\View.php(227): CodeIgniter\View\View->CodeIgniter\View\{closure}()
#13 C:\xampp\htdocs\lab7_web\ci4\system\View\View.php(475): CodeIgniter\View\View->render('template/footer', NULL, true)
#14 C:\xampp\htdocs\lab7_web\ci4\app\Views\artikel\index.php(24): CodeIgniter\View\View->include('template/footer')
#15 C:\xampp\htdocs\lab7_web\ci4\system\View\View.php(224): include('C:\\xampp\\htdocs...')
#16 C:\xampp\htdocs\lab7_web\ci4\system\View\View.php(227): CodeIgniter\View\View->CodeIgniter\View\{closure}()
#17 C:\xampp\htdocs\lab7_web\ci4\system\Common.php(1173): CodeIgniter\View\View->render('artikel/index', Array, true)
#18 C:\xampp\htdocs\lab7_web\ci4\app\Controllers\Artikel.php(16): view('artikel/index', Array)
#19 C:\xampp\htdocs\lab7_web\ci4\system\CodeIgniter.php(933): App\Controllers\Artikel->index()
#20 C:\xampp\htdocs\lab7_web\ci4\system\CodeIgniter.php(507): CodeIgniter\CodeIgniter->runController(Object(App\Controllers\Artikel))
#21 C:\xampp\htdocs\lab7_web\ci4\system\CodeIgniter.php(354): CodeIgniter\CodeIgniter->handleRequest(NULL, Object(Config\Cache), false)
#22 C:\xampp\htdocs\lab7_web\ci4\system\Boot.php(334): CodeIgniter\CodeIgniter->run()
#23 C:\xampp\htdocs\lab7_web\ci4\system\Boot.php(67): CodeIgniter\Boot::runCodeIgniter(Object(CodeIgniter\CodeIgniter))
#24 C:\xampp\htdocs\lab7_web\ci4\public\index.php(59): CodeIgniter\Boot::bootWeb(Object(Config\Paths))
#25 C:\xampp\htdocs\lab7_web\ci4\system\rewrite.php(44): require_once('C:\\xampp\\htdocs...')
#26 {main}
CRITICAL - 2025-07-10 23:15:07 --> CodeIgniter\Database\Exceptions\DatabaseException: Unknown column 'created_at' in 'order clause'
[Method: GET, Route: artikel]
in SYSTEMPATH\Database\BaseConnection.php on line 692.
 1 SYSTEMPATH\Database\BaseBuilder.php(1649): CodeIgniter\Database\BaseConnection->query('SELECT *
FROM `artikel`
ORDER BY `created_at` DESC
 LIMIT 5', [], false)
 2 SYSTEMPATH\Model.php(213): CodeIgniter\Database\BaseBuilder->get()
 3 SYSTEMPATH\BaseModel.php(613): CodeIgniter\Model->doFind(false, null)
 4 APPPATH\Controllers\Sidebar.php(16): CodeIgniter\BaseModel->find()
 5 SYSTEMPATH\View\Cell.php(283): App\Controllers\Sidebar->widget()
 6 SYSTEMPATH\View\Cell.php(104): CodeIgniter\View\Cell->renderSimpleClass(Object(App\Controllers\Sidebar), 'widget', [], 'App\\Controllers\\Sidebar')
 7 SYSTEMPATH\Common.php(1189): CodeIgniter\View\Cell->render('App\\Controllers\\Sidebar::widget', [], 0, 'AppControllersSidebarwidget40cd750bba9870f18aada2478b24840a')
 8 APPPATH\Views\template\footer.php(3): view_cell('App\\Controllers\\Sidebar::widget')
 9 SYSTEMPATH\View\View.php(224): include('C:\\xampp\\htdocs\\lab7_web\\ci4\\app\\Views\\template\\footer.php')
10 SYSTEMPATH\View\View.php(227): CodeIgniter\View\View->CodeIgniter\View\{closure}()
11 SYSTEMPATH\View\View.php(475): CodeIgniter\View\View->render('template/footer', null, true)
12 APPPATH\Views\artikel\index.php(24): CodeIgniter\View\View->include('template/footer')
13 SYSTEMPATH\View\View.php(224): include('C:\\xampp\\htdocs\\lab7_web\\ci4\\app\\Views\\artikel\\index.php')
14 SYSTEMPATH\View\View.php(227): CodeIgniter\View\View->CodeIgniter\View\{closure}()
15 SYSTEMPATH\Common.php(1173): CodeIgniter\View\View->render('artikel/index', [], true)
16 APPPATH\Controllers\Artikel.php(16): view('artikel/index', [...])
17 SYSTEMPATH\CodeIgniter.php(933): App\Controllers\Artikel->index()
18 SYSTEMPATH\CodeIgniter.php(507): CodeIgniter\CodeIgniter->runController(Object(App\Controllers\Artikel))
19 SYSTEMPATH\CodeIgniter.php(354): CodeIgniter\CodeIgniter->handleRequest(null, Object(Config\Cache), false)
20 SYSTEMPATH\Boot.php(334): CodeIgniter\CodeIgniter->run()
21 SYSTEMPATH\Boot.php(67): CodeIgniter\Boot::runCodeIgniter(Object(CodeIgniter\CodeIgniter))
22 FCPATH\index.php(59): CodeIgniter\Boot::bootWeb(Object(Config\Paths))
23 SYSTEMPATH\rewrite.php(44): require_once('C:\\xampp\\htdocs\\lab7_web\\ci4\\public\\index.php')
CRITICAL - 2025-07-10 23:15:07 --> [Caused by] CodeIgniter\Database\Exceptions\DatabaseException: Unknown column 'created_at' in 'order clause'
in SYSTEMPATH\Database\MySQLi\Connection.php on line 332.
 1 SYSTEMPATH\Database\BaseConnection.php(738): CodeIgniter\Database\MySQLi\Connection->execute('SELECT *
FROM `artikel`
ORDER BY `created_at` DESC
 LIMIT 5')
 2 SYSTEMPATH\Database\BaseConnection.php(652): CodeIgniter\Database\BaseConnection->simpleQuery('SELECT *
FROM `artikel`
ORDER BY `created_at` DESC
 LIMIT 5')
 3 SYSTEMPATH\Database\BaseBuilder.php(1649): CodeIgniter\Database\BaseConnection->query('SELECT *
FROM `artikel`
ORDER BY `created_at` DESC
 LIMIT 5', [], false)
 4 SYSTEMPATH\Model.php(213): CodeIgniter\Database\BaseBuilder->get()
 5 SYSTEMPATH\BaseModel.php(613): CodeIgniter\Model->doFind(false, null)
 6 APPPATH\Controllers\Sidebar.php(16): CodeIgniter\BaseModel->find()
 7 SYSTEMPATH\View\Cell.php(283): App\Controllers\Sidebar->widget()
 8 SYSTEMPATH\View\Cell.php(104): CodeIgniter\View\Cell->renderSimpleClass(Object(App\Controllers\Sidebar), 'widget', [], 'App\\Controllers\\Sidebar')
 9 SYSTEMPATH\Common.php(1189): CodeIgniter\View\Cell->render('App\\Controllers\\Sidebar::widget', [], 0, 'AppControllersSidebarwidget40cd750bba9870f18aada2478b24840a')
10 APPPATH\Views\template\footer.php(3): view_cell('App\\Controllers\\Sidebar::widget')
11 SYSTEMPATH\View\View.php(224): include('C:\\xampp\\htdocs\\lab7_web\\ci4\\app\\Views\\template\\footer.php')
12 SYSTEMPATH\View\View.php(227): CodeIgniter\View\View->CodeIgniter\View\{closure}()
13 SYSTEMPATH\View\View.php(475): CodeIgniter\View\View->render('template/footer', null, true)
14 APPPATH\Views\artikel\index.php(24): CodeIgniter\View\View->include('template/footer')
15 SYSTEMPATH\View\View.php(224): include('C:\\xampp\\htdocs\\lab7_web\\ci4\\app\\Views\\artikel\\index.php')
16 SYSTEMPATH\View\View.php(227): CodeIgniter\View\View->CodeIgniter\View\{closure}()
17 SYSTEMPATH\Common.php(1173): CodeIgniter\View\View->render('artikel/index', [], true)
18 APPPATH\Controllers\Artikel.php(16): view('artikel/index', [...])
19 SYSTEMPATH\CodeIgniter.php(933): App\Controllers\Artikel->index()
20 SYSTEMPATH\CodeIgniter.php(507): CodeIgniter\CodeIgniter->runController(Object(App\Controllers\Artikel))
21 SYSTEMPATH\CodeIgniter.php(354): CodeIgniter\CodeIgniter->handleRequest(null, Object(Config\Cache), false)
22 SYSTEMPATH\Boot.php(334): CodeIgniter\CodeIgniter->run()
23 SYSTEMPATH\Boot.php(67): CodeIgniter\Boot::runCodeIgniter(Object(CodeIgniter\CodeIgniter))
24 FCPATH\index.php(59): CodeIgniter\Boot::bootWeb(Object(Config\Paths))
25 SYSTEMPATH\rewrite.php(44): require_once('C:\\xampp\\htdocs\\lab7_web\\ci4\\public\\index.php')
CRITICAL - 2025-07-10 23:15:07 --> [Caused by] mysqli_sql_exception: Unknown column 'created_at' in 'order clause'
in SYSTEMPATH\Database\MySQLi\Connection.php on line 327.
 1 SYSTEMPATH\Database\MySQLi\Connection.php(327): mysqli->query('SELECT *
FROM `artikel`
ORDER BY `created_at` DESC
 LIMIT 5', 0)
 2 SYSTEMPATH\Database\BaseConnection.php(738): CodeIgniter\Database\MySQLi\Connection->execute('SELECT *
FROM `artikel`
ORDER BY `created_at` DESC
 LIMIT 5')
 3 SYSTEMPATH\Database\BaseConnection.php(652): CodeIgniter\Database\BaseConnection->simpleQuery('SELECT *
FROM `artikel`
ORDER BY `created_at` DESC
 LIMIT 5')
 4 SYSTEMPATH\Database\BaseBuilder.php(1649): CodeIgniter\Database\BaseConnection->query('SELECT *
FROM `artikel`
ORDER BY `created_at` DESC
 LIMIT 5', [], false)
 5 SYSTEMPATH\Model.php(213): CodeIgniter\Database\BaseBuilder->get()
 6 SYSTEMPATH\BaseModel.php(613): CodeIgniter\Model->doFind(false, null)
 7 APPPATH\Controllers\Sidebar.php(16): CodeIgniter\BaseModel->find()
 8 SYSTEMPATH\View\Cell.php(283): App\Controllers\Sidebar->widget()
 9 SYSTEMPATH\View\Cell.php(104): CodeIgniter\View\Cell->renderSimpleClass(Object(App\Controllers\Sidebar), 'widget', [], 'App\\Controllers\\Sidebar')
10 SYSTEMPATH\Common.php(1189): CodeIgniter\View\Cell->render('App\\Controllers\\Sidebar::widget', [], 0, 'AppControllersSidebarwidget40cd750bba9870f18aada2478b24840a')
11 APPPATH\Views\template\footer.php(3): view_cell('App\\Controllers\\Sidebar::widget')
12 SYSTEMPATH\View\View.php(224): include('C:\\xampp\\htdocs\\lab7_web\\ci4\\app\\Views\\template\\footer.php')
13 SYSTEMPATH\View\View.php(227): CodeIgniter\View\View->CodeIgniter\View\{closure}()
14 SYSTEMPATH\View\View.php(475): CodeIgniter\View\View->render('template/footer', null, true)
15 APPPATH\Views\artikel\index.php(24): CodeIgniter\View\View->include('template/footer')
16 SYSTEMPATH\View\View.php(224): include('C:\\xampp\\htdocs\\lab7_web\\ci4\\app\\Views\\artikel\\index.php')
17 SYSTEMPATH\View\View.php(227): CodeIgniter\View\View->CodeIgniter\View\{closure}()
18 SYSTEMPATH\Common.php(1173): CodeIgniter\View\View->render('artikel/index', [], true)
19 APPPATH\Controllers\Artikel.php(16): view('artikel/index', [...])
20 SYSTEMPATH\CodeIgniter.php(933): App\Controllers\Artikel->index()
21 SYSTEMPATH\CodeIgniter.php(507): CodeIgniter\CodeIgniter->runController(Object(App\Controllers\Artikel))
22 SYSTEMPATH\CodeIgniter.php(354): CodeIgniter\CodeIgniter->handleRequest(null, Object(Config\Cache), false)
23 SYSTEMPATH\Boot.php(334): CodeIgniter\CodeIgniter->run()
24 SYSTEMPATH\Boot.php(67): CodeIgniter\Boot::runCodeIgniter(Object(CodeIgniter\CodeIgniter))
25 FCPATH\index.php(59): CodeIgniter\Boot::bootWeb(Object(Config\Paths))
26 SYSTEMPATH\rewrite.php(44): require_once('C:\\xampp\\htdocs\\lab7_web\\ci4\\public\\index.php')
ERROR - 2025-07-10 23:18:07 --> mysqli_sql_exception: Unknown column 'created_at' in 'order clause' in C:\xampp\htdocs\lab7_web\ci4\system\Database\MySQLi\Connection.php:327
Stack trace:
#0 C:\xampp\htdocs\lab7_web\ci4\system\Database\MySQLi\Connection.php(327): mysqli->query('SELECT *\nFROM `...', 0)
#1 C:\xampp\htdocs\lab7_web\ci4\system\Database\BaseConnection.php(738): CodeIgniter\Database\MySQLi\Connection->execute('SELECT *\nFROM `...')
#2 C:\xampp\htdocs\lab7_web\ci4\system\Database\BaseConnection.php(652): CodeIgniter\Database\BaseConnection->simpleQuery('SELECT *\nFROM `...')
#3 C:\xampp\htdocs\lab7_web\ci4\system\Database\BaseBuilder.php(1649): CodeIgniter\Database\BaseConnection->query('SELECT *\nFROM `...', Array, false)
#4 C:\xampp\htdocs\lab7_web\ci4\system\Model.php(213): CodeIgniter\Database\BaseBuilder->get()
#5 C:\xampp\htdocs\lab7_web\ci4\system\BaseModel.php(613): CodeIgniter\Model->doFind(false, NULL)
#6 C:\xampp\htdocs\lab7_web\ci4\app\Controllers\Sidebar.php(16): CodeIgniter\BaseModel->find()
#7 C:\xampp\htdocs\lab7_web\ci4\system\View\Cell.php(283): App\Controllers\Sidebar->widget()
#8 C:\xampp\htdocs\lab7_web\ci4\system\View\Cell.php(104): CodeIgniter\View\Cell->renderSimpleClass(Object(App\Controllers\Sidebar), 'widget', Array, 'App\\Controllers...')
#9 C:\xampp\htdocs\lab7_web\ci4\system\Common.php(1189): CodeIgniter\View\Cell->render('App\\Controllers...', Array, 0, 'AppControllersS...')
#10 C:\xampp\htdocs\lab7_web\ci4\app\Views\template\footer.php(3): view_cell('App\\Controllers...')
#11 C:\xampp\htdocs\lab7_web\ci4\system\View\View.php(224): include('C:\\xampp\\htdocs...')
#12 C:\xampp\htdocs\lab7_web\ci4\system\View\View.php(227): CodeIgniter\View\View->CodeIgniter\View\{closure}()
#13 C:\xampp\htdocs\lab7_web\ci4\system\View\View.php(475): CodeIgniter\View\View->render('template/footer', NULL, true)
#14 C:\xampp\htdocs\lab7_web\ci4\app\Views\artikel\index.php(24): CodeIgniter\View\View->include('template/footer')
#15 C:\xampp\htdocs\lab7_web\ci4\system\View\View.php(224): include('C:\\xampp\\htdocs...')
#16 C:\xampp\htdocs\lab7_web\ci4\system\View\View.php(227): CodeIgniter\View\View->CodeIgniter\View\{closure}()
#17 C:\xampp\htdocs\lab7_web\ci4\system\Common.php(1173): CodeIgniter\View\View->render('artikel/index', Array, true)
#18 C:\xampp\htdocs\lab7_web\ci4\app\Controllers\Artikel.php(16): view('artikel/index', Array)
#19 C:\xampp\htdocs\lab7_web\ci4\system\CodeIgniter.php(933): App\Controllers\Artikel->index()
#20 C:\xampp\htdocs\lab7_web\ci4\system\CodeIgniter.php(507): CodeIgniter\CodeIgniter->runController(Object(App\Controllers\Artikel))
#21 C:\xampp\htdocs\lab7_web\ci4\system\CodeIgniter.php(354): CodeIgniter\CodeIgniter->handleRequest(NULL, Object(Config\Cache), false)
#22 C:\xampp\htdocs\lab7_web\ci4\system\Boot.php(334): CodeIgniter\CodeIgniter->run()
#23 C:\xampp\htdocs\lab7_web\ci4\system\Boot.php(67): CodeIgniter\Boot::runCodeIgniter(Object(CodeIgniter\CodeIgniter))
#24 C:\xampp\htdocs\lab7_web\ci4\public\index.php(59): CodeIgniter\Boot::bootWeb(Object(Config\Paths))
#25 C:\xampp\htdocs\lab7_web\ci4\system\rewrite.php(44): require_once('C:\\xampp\\htdocs...')
#26 {main}
CRITICAL - 2025-07-10 23:18:07 --> CodeIgniter\Database\Exceptions\DatabaseException: Unknown column 'created_at' in 'order clause'
[Method: GET, Route: artikel]
in SYSTEMPATH\Database\BaseConnection.php on line 692.
 1 SYSTEMPATH\Database\BaseBuilder.php(1649): CodeIgniter\Database\BaseConnection->query('SELECT *
FROM `artikel`
ORDER BY `created_at` DESC
 LIMIT 5', [], false)
 2 SYSTEMPATH\Model.php(213): CodeIgniter\Database\BaseBuilder->get()
 3 SYSTEMPATH\BaseModel.php(613): CodeIgniter\Model->doFind(false, null)
 4 APPPATH\Controllers\Sidebar.php(16): CodeIgniter\BaseModel->find()
 5 SYSTEMPATH\View\Cell.php(283): App\Controllers\Sidebar->widget()
 6 SYSTEMPATH\View\Cell.php(104): CodeIgniter\View\Cell->renderSimpleClass(Object(App\Controllers\Sidebar), 'widget', [], 'App\\Controllers\\Sidebar')
 7 SYSTEMPATH\Common.php(1189): CodeIgniter\View\Cell->render('App\\Controllers\\Sidebar::widget', [], 0, 'AppControllersSidebarwidget40cd750bba9870f18aada2478b24840a')
 8 APPPATH\Views\template\footer.php(3): view_cell('App\\Controllers\\Sidebar::widget')
 9 SYSTEMPATH\View\View.php(224): include('C:\\xampp\\htdocs\\lab7_web\\ci4\\app\\Views\\template\\footer.php')
10 SYSTEMPATH\View\View.php(227): CodeIgniter\View\View->CodeIgniter\View\{closure}()
11 SYSTEMPATH\View\View.php(475): CodeIgniter\View\View->render('template/footer', null, true)
12 APPPATH\Views\artikel\index.php(24): CodeIgniter\View\View->include('template/footer')
13 SYSTEMPATH\View\View.php(224): include('C:\\xampp\\htdocs\\lab7_web\\ci4\\app\\Views\\artikel\\index.php')
14 SYSTEMPATH\View\View.php(227): CodeIgniter\View\View->CodeIgniter\View\{closure}()
15 SYSTEMPATH\Common.php(1173): CodeIgniter\View\View->render('artikel/index', [], true)
16 APPPATH\Controllers\Artikel.php(16): view('artikel/index', [...])
17 SYSTEMPATH\CodeIgniter.php(933): App\Controllers\Artikel->index()
18 SYSTEMPATH\CodeIgniter.php(507): CodeIgniter\CodeIgniter->runController(Object(App\Controllers\Artikel))
19 SYSTEMPATH\CodeIgniter.php(354): CodeIgniter\CodeIgniter->handleRequest(null, Object(Config\Cache), false)
20 SYSTEMPATH\Boot.php(334): CodeIgniter\CodeIgniter->run()
21 SYSTEMPATH\Boot.php(67): CodeIgniter\Boot::runCodeIgniter(Object(CodeIgniter\CodeIgniter))
22 FCPATH\index.php(59): CodeIgniter\Boot::bootWeb(Object(Config\Paths))
23 SYSTEMPATH\rewrite.php(44): require_once('C:\\xampp\\htdocs\\lab7_web\\ci4\\public\\index.php')
CRITICAL - 2025-07-10 23:18:07 --> [Caused by] CodeIgniter\Database\Exceptions\DatabaseException: Unknown column 'created_at' in 'order clause'
in SYSTEMPATH\Database\MySQLi\Connection.php on line 332.
 1 SYSTEMPATH\Database\BaseConnection.php(738): CodeIgniter\Database\MySQLi\Connection->execute('SELECT *
FROM `artikel`
ORDER BY `created_at` DESC
 LIMIT 5')
 2 SYSTEMPATH\Database\BaseConnection.php(652): CodeIgniter\Database\BaseConnection->simpleQuery('SELECT *
FROM `artikel`
ORDER BY `created_at` DESC
 LIMIT 5')
 3 SYSTEMPATH\Database\BaseBuilder.php(1649): CodeIgniter\Database\BaseConnection->query('SELECT *
FROM `artikel`
ORDER BY `created_at` DESC
 LIMIT 5', [], false)
 4 SYSTEMPATH\Model.php(213): CodeIgniter\Database\BaseBuilder->get()
 5 SYSTEMPATH\BaseModel.php(613): CodeIgniter\Model->doFind(false, null)
 6 APPPATH\Controllers\Sidebar.php(16): CodeIgniter\BaseModel->find()
 7 SYSTEMPATH\View\Cell.php(283): App\Controllers\Sidebar->widget()
 8 SYSTEMPATH\View\Cell.php(104): CodeIgniter\View\Cell->renderSimpleClass(Object(App\Controllers\Sidebar), 'widget', [], 'App\\Controllers\\Sidebar')
 9 SYSTEMPATH\Common.php(1189): CodeIgniter\View\Cell->render('App\\Controllers\\Sidebar::widget', [], 0, 'AppControllersSidebarwidget40cd750bba9870f18aada2478b24840a')
10 APPPATH\Views\template\footer.php(3): view_cell('App\\Controllers\\Sidebar::widget')
11 SYSTEMPATH\View\View.php(224): include('C:\\xampp\\htdocs\\lab7_web\\ci4\\app\\Views\\template\\footer.php')
12 SYSTEMPATH\View\View.php(227): CodeIgniter\View\View->CodeIgniter\View\{closure}()
13 SYSTEMPATH\View\View.php(475): CodeIgniter\View\View->render('template/footer', null, true)
14 APPPATH\Views\artikel\index.php(24): CodeIgniter\View\View->include('template/footer')
15 SYSTEMPATH\View\View.php(224): include('C:\\xampp\\htdocs\\lab7_web\\ci4\\app\\Views\\artikel\\index.php')
16 SYSTEMPATH\View\View.php(227): CodeIgniter\View\View->CodeIgniter\View\{closure}()
17 SYSTEMPATH\Common.php(1173): CodeIgniter\View\View->render('artikel/index', [], true)
18 APPPATH\Controllers\Artikel.php(16): view('artikel/index', [...])
19 SYSTEMPATH\CodeIgniter.php(933): App\Controllers\Artikel->index()
20 SYSTEMPATH\CodeIgniter.php(507): CodeIgniter\CodeIgniter->runController(Object(App\Controllers\Artikel))
21 SYSTEMPATH\CodeIgniter.php(354): CodeIgniter\CodeIgniter->handleRequest(null, Object(Config\Cache), false)
22 SYSTEMPATH\Boot.php(334): CodeIgniter\CodeIgniter->run()
23 SYSTEMPATH\Boot.php(67): CodeIgniter\Boot::runCodeIgniter(Object(CodeIgniter\CodeIgniter))
24 FCPATH\index.php(59): CodeIgniter\Boot::bootWeb(Object(Config\Paths))
25 SYSTEMPATH\rewrite.php(44): require_once('C:\\xampp\\htdocs\\lab7_web\\ci4\\public\\index.php')
CRITICAL - 2025-07-10 23:18:07 --> [Caused by] mysqli_sql_exception: Unknown column 'created_at' in 'order clause'
in SYSTEMPATH\Database\MySQLi\Connection.php on line 327.
 1 SYSTEMPATH\Database\MySQLi\Connection.php(327): mysqli->query('SELECT *
FROM `artikel`
ORDER BY `created_at` DESC
 LIMIT 5', 0)
 2 SYSTEMPATH\Database\BaseConnection.php(738): CodeIgniter\Database\MySQLi\Connection->execute('SELECT *
FROM `artikel`
ORDER BY `created_at` DESC
 LIMIT 5')
 3 SYSTEMPATH\Database\BaseConnection.php(652): CodeIgniter\Database\BaseConnection->simpleQuery('SELECT *
FROM `artikel`
ORDER BY `created_at` DESC
 LIMIT 5')
 4 SYSTEMPATH\Database\BaseBuilder.php(1649): CodeIgniter\Database\BaseConnection->query('SELECT *
FROM `artikel`
ORDER BY `created_at` DESC
 LIMIT 5', [], false)
 5 SYSTEMPATH\Model.php(213): CodeIgniter\Database\BaseBuilder->get()
 6 SYSTEMPATH\BaseModel.php(613): CodeIgniter\Model->doFind(false, null)
 7 APPPATH\Controllers\Sidebar.php(16): CodeIgniter\BaseModel->find()
 8 SYSTEMPATH\View\Cell.php(283): App\Controllers\Sidebar->widget()
 9 SYSTEMPATH\View\Cell.php(104): CodeIgniter\View\Cell->renderSimpleClass(Object(App\Controllers\Sidebar), 'widget', [], 'App\\Controllers\\Sidebar')
10 SYSTEMPATH\Common.php(1189): CodeIgniter\View\Cell->render('App\\Controllers\\Sidebar::widget', [], 0, 'AppControllersSidebarwidget40cd750bba9870f18aada2478b24840a')
11 APPPATH\Views\template\footer.php(3): view_cell('App\\Controllers\\Sidebar::widget')
12 SYSTEMPATH\View\View.php(224): include('C:\\xampp\\htdocs\\lab7_web\\ci4\\app\\Views\\template\\footer.php')
13 SYSTEMPATH\View\View.php(227): CodeIgniter\View\View->CodeIgniter\View\{closure}()
14 SYSTEMPATH\View\View.php(475): CodeIgniter\View\View->render('template/footer', null, true)
15 APPPATH\Views\artikel\index.php(24): CodeIgniter\View\View->include('template/footer')
16 SYSTEMPATH\View\View.php(224): include('C:\\xampp\\htdocs\\lab7_web\\ci4\\app\\Views\\artikel\\index.php')
17 SYSTEMPATH\View\View.php(227): CodeIgniter\View\View->CodeIgniter\View\{closure}()
18 SYSTEMPATH\Common.php(1173): CodeIgniter\View\View->render('artikel/index', [], true)
19 APPPATH\Controllers\Artikel.php(16): view('artikel/index', [...])
20 SYSTEMPATH\CodeIgniter.php(933): App\Controllers\Artikel->index()
21 SYSTEMPATH\CodeIgniter.php(507): CodeIgniter\CodeIgniter->runController(Object(App\Controllers\Artikel))
22 SYSTEMPATH\CodeIgniter.php(354): CodeIgniter\CodeIgniter->handleRequest(null, Object(Config\Cache), false)
23 SYSTEMPATH\Boot.php(334): CodeIgniter\CodeIgniter->run()
24 SYSTEMPATH\Boot.php(67): CodeIgniter\Boot::runCodeIgniter(Object(CodeIgniter\CodeIgniter))
25 FCPATH\index.php(59): CodeIgniter\Boot::bootWeb(Object(Config\Paths))
26 SYSTEMPATH\rewrite.php(44): require_once('C:\\xampp\\htdocs\\lab7_web\\ci4\\public\\index.php')
ERROR - 2025-07-10 23:18:10 --> mysqli_sql_exception: Unknown column 'created_at' in 'order clause' in C:\xampp\htdocs\lab7_web\ci4\system\Database\MySQLi\Connection.php:327
Stack trace:
#0 C:\xampp\htdocs\lab7_web\ci4\system\Database\MySQLi\Connection.php(327): mysqli->query('SELECT *\nFROM `...', 0)
#1 C:\xampp\htdocs\lab7_web\ci4\system\Database\BaseConnection.php(738): CodeIgniter\Database\MySQLi\Connection->execute('SELECT *\nFROM `...')
#2 C:\xampp\htdocs\lab7_web\ci4\system\Database\BaseConnection.php(652): CodeIgniter\Database\BaseConnection->simpleQuery('SELECT *\nFROM `...')
#3 C:\xampp\htdocs\lab7_web\ci4\system\Database\BaseBuilder.php(1649): CodeIgniter\Database\BaseConnection->query('SELECT *\nFROM `...', Array, false)
#4 C:\xampp\htdocs\lab7_web\ci4\system\Model.php(213): CodeIgniter\Database\BaseBuilder->get()
#5 C:\xampp\htdocs\lab7_web\ci4\system\BaseModel.php(613): CodeIgniter\Model->doFind(false, NULL)
#6 C:\xampp\htdocs\lab7_web\ci4\app\Controllers\Sidebar.php(16): CodeIgniter\BaseModel->find()
#7 C:\xampp\htdocs\lab7_web\ci4\system\View\Cell.php(283): App\Controllers\Sidebar->widget()
#8 C:\xampp\htdocs\lab7_web\ci4\system\View\Cell.php(104): CodeIgniter\View\Cell->renderSimpleClass(Object(App\Controllers\Sidebar), 'widget', Array, 'App\\Controllers...')
#9 C:\xampp\htdocs\lab7_web\ci4\system\Common.php(1189): CodeIgniter\View\Cell->render('App\\Controllers...', Array, 0, 'AppControllersS...')
#10 C:\xampp\htdocs\lab7_web\ci4\app\Views\template\footer.php(3): view_cell('App\\Controllers...')
#11 C:\xampp\htdocs\lab7_web\ci4\system\View\View.php(224): include('C:\\xampp\\htdocs...')
#12 C:\xampp\htdocs\lab7_web\ci4\system\View\View.php(227): CodeIgniter\View\View->CodeIgniter\View\{closure}()
#13 C:\xampp\htdocs\lab7_web\ci4\system\View\View.php(475): CodeIgniter\View\View->render('template/footer', NULL, true)
#14 C:\xampp\htdocs\lab7_web\ci4\app\Views\artikel\index.php(24): CodeIgniter\View\View->include('template/footer')
#15 C:\xampp\htdocs\lab7_web\ci4\system\View\View.php(224): include('C:\\xampp\\htdocs...')
#16 C:\xampp\htdocs\lab7_web\ci4\system\View\View.php(227): CodeIgniter\View\View->CodeIgniter\View\{closure}()
#17 C:\xampp\htdocs\lab7_web\ci4\system\Common.php(1173): CodeIgniter\View\View->render('artikel/index', Array, true)
#18 C:\xampp\htdocs\lab7_web\ci4\app\Controllers\Artikel.php(16): view('artikel/index', Array)
#19 C:\xampp\htdocs\lab7_web\ci4\system\CodeIgniter.php(933): App\Controllers\Artikel->index()
#20 C:\xampp\htdocs\lab7_web\ci4\system\CodeIgniter.php(507): CodeIgniter\CodeIgniter->runController(Object(App\Controllers\Artikel))
#21 C:\xampp\htdocs\lab7_web\ci4\system\CodeIgniter.php(354): CodeIgniter\CodeIgniter->handleRequest(NULL, Object(Config\Cache), false)
#22 C:\xampp\htdocs\lab7_web\ci4\system\Boot.php(334): CodeIgniter\CodeIgniter->run()
#23 C:\xampp\htdocs\lab7_web\ci4\system\Boot.php(67): CodeIgniter\Boot::runCodeIgniter(Object(CodeIgniter\CodeIgniter))
#24 C:\xampp\htdocs\lab7_web\ci4\public\index.php(59): CodeIgniter\Boot::bootWeb(Object(Config\Paths))
#25 C:\xampp\htdocs\lab7_web\ci4\system\rewrite.php(44): require_once('C:\\xampp\\htdocs...')
#26 {main}
CRITICAL - 2025-07-10 23:18:10 --> CodeIgniter\Database\Exceptions\DatabaseException: Unknown column 'created_at' in 'order clause'
[Method: GET, Route: artikel]
in SYSTEMPATH\Database\BaseConnection.php on line 692.
 1 SYSTEMPATH\Database\BaseBuilder.php(1649): CodeIgniter\Database\BaseConnection->query('SELECT *
FROM `artikel`
ORDER BY `created_at` DESC
 LIMIT 5', [], false)
 2 SYSTEMPATH\Model.php(213): CodeIgniter\Database\BaseBuilder->get()
 3 SYSTEMPATH\BaseModel.php(613): CodeIgniter\Model->doFind(false, null)
 4 APPPATH\Controllers\Sidebar.php(16): CodeIgniter\BaseModel->find()
 5 SYSTEMPATH\View\Cell.php(283): App\Controllers\Sidebar->widget()
 6 SYSTEMPATH\View\Cell.php(104): CodeIgniter\View\Cell->renderSimpleClass(Object(App\Controllers\Sidebar), 'widget', [], 'App\\Controllers\\Sidebar')
 7 SYSTEMPATH\Common.php(1189): CodeIgniter\View\Cell->render('App\\Controllers\\Sidebar::widget', [], 0, 'AppControllersSidebarwidget40cd750bba9870f18aada2478b24840a')
 8 APPPATH\Views\template\footer.php(3): view_cell('App\\Controllers\\Sidebar::widget')
 9 SYSTEMPATH\View\View.php(224): include('C:\\xampp\\htdocs\\lab7_web\\ci4\\app\\Views\\template\\footer.php')
10 SYSTEMPATH\View\View.php(227): CodeIgniter\View\View->CodeIgniter\View\{closure}()
11 SYSTEMPATH\View\View.php(475): CodeIgniter\View\View->render('template/footer', null, true)
12 APPPATH\Views\artikel\index.php(24): CodeIgniter\View\View->include('template/footer')
13 SYSTEMPATH\View\View.php(224): include('C:\\xampp\\htdocs\\lab7_web\\ci4\\app\\Views\\artikel\\index.php')
14 SYSTEMPATH\View\View.php(227): CodeIgniter\View\View->CodeIgniter\View\{closure}()
15 SYSTEMPATH\Common.php(1173): CodeIgniter\View\View->render('artikel/index', [], true)
16 APPPATH\Controllers\Artikel.php(16): view('artikel/index', [...])
17 SYSTEMPATH\CodeIgniter.php(933): App\Controllers\Artikel->index()
18 SYSTEMPATH\CodeIgniter.php(507): CodeIgniter\CodeIgniter->runController(Object(App\Controllers\Artikel))
19 SYSTEMPATH\CodeIgniter.php(354): CodeIgniter\CodeIgniter->handleRequest(null, Object(Config\Cache), false)
20 SYSTEMPATH\Boot.php(334): CodeIgniter\CodeIgniter->run()
21 SYSTEMPATH\Boot.php(67): CodeIgniter\Boot::runCodeIgniter(Object(CodeIgniter\CodeIgniter))
22 FCPATH\index.php(59): CodeIgniter\Boot::bootWeb(Object(Config\Paths))
23 SYSTEMPATH\rewrite.php(44): require_once('C:\\xampp\\htdocs\\lab7_web\\ci4\\public\\index.php')
CRITICAL - 2025-07-10 23:18:10 --> [Caused by] CodeIgniter\Database\Exceptions\DatabaseException: Unknown column 'created_at' in 'order clause'
in SYSTEMPATH\Database\MySQLi\Connection.php on line 332.
 1 SYSTEMPATH\Database\BaseConnection.php(738): CodeIgniter\Database\MySQLi\Connection->execute('SELECT *
FROM `artikel`
ORDER BY `created_at` DESC
 LIMIT 5')
 2 SYSTEMPATH\Database\BaseConnection.php(652): CodeIgniter\Database\BaseConnection->simpleQuery('SELECT *
FROM `artikel`
ORDER BY `created_at` DESC
 LIMIT 5')
 3 SYSTEMPATH\Database\BaseBuilder.php(1649): CodeIgniter\Database\BaseConnection->query('SELECT *
FROM `artikel`
ORDER BY `created_at` DESC
 LIMIT 5', [], false)
 4 SYSTEMPATH\Model.php(213): CodeIgniter\Database\BaseBuilder->get()
 5 SYSTEMPATH\BaseModel.php(613): CodeIgniter\Model->doFind(false, null)
 6 APPPATH\Controllers\Sidebar.php(16): CodeIgniter\BaseModel->find()
 7 SYSTEMPATH\View\Cell.php(283): App\Controllers\Sidebar->widget()
 8 SYSTEMPATH\View\Cell.php(104): CodeIgniter\View\Cell->renderSimpleClass(Object(App\Controllers\Sidebar), 'widget', [], 'App\\Controllers\\Sidebar')
 9 SYSTEMPATH\Common.php(1189): CodeIgniter\View\Cell->render('App\\Controllers\\Sidebar::widget', [], 0, 'AppControllersSidebarwidget40cd750bba9870f18aada2478b24840a')
10 APPPATH\Views\template\footer.php(3): view_cell('App\\Controllers\\Sidebar::widget')
11 SYSTEMPATH\View\View.php(224): include('C:\\xampp\\htdocs\\lab7_web\\ci4\\app\\Views\\template\\footer.php')
12 SYSTEMPATH\View\View.php(227): CodeIgniter\View\View->CodeIgniter\View\{closure}()
13 SYSTEMPATH\View\View.php(475): CodeIgniter\View\View->render('template/footer', null, true)
14 APPPATH\Views\artikel\index.php(24): CodeIgniter\View\View->include('template/footer')
15 SYSTEMPATH\View\View.php(224): include('C:\\xampp\\htdocs\\lab7_web\\ci4\\app\\Views\\artikel\\index.php')
16 SYSTEMPATH\View\View.php(227): CodeIgniter\View\View->CodeIgniter\View\{closure}()
17 SYSTEMPATH\Common.php(1173): CodeIgniter\View\View->render('artikel/index', [], true)
18 APPPATH\Controllers\Artikel.php(16): view('artikel/index', [...])
19 SYSTEMPATH\CodeIgniter.php(933): App\Controllers\Artikel->index()
20 SYSTEMPATH\CodeIgniter.php(507): CodeIgniter\CodeIgniter->runController(Object(App\Controllers\Artikel))
21 SYSTEMPATH\CodeIgniter.php(354): CodeIgniter\CodeIgniter->handleRequest(null, Object(Config\Cache), false)
22 SYSTEMPATH\Boot.php(334): CodeIgniter\CodeIgniter->run()
23 SYSTEMPATH\Boot.php(67): CodeIgniter\Boot::runCodeIgniter(Object(CodeIgniter\CodeIgniter))
24 FCPATH\index.php(59): CodeIgniter\Boot::bootWeb(Object(Config\Paths))
25 SYSTEMPATH\rewrite.php(44): require_once('C:\\xampp\\htdocs\\lab7_web\\ci4\\public\\index.php')
CRITICAL - 2025-07-10 23:18:10 --> [Caused by] mysqli_sql_exception: Unknown column 'created_at' in 'order clause'
in SYSTEMPATH\Database\MySQLi\Connection.php on line 327.
 1 SYSTEMPATH\Database\MySQLi\Connection.php(327): mysqli->query('SELECT *
FROM `artikel`
ORDER BY `created_at` DESC
 LIMIT 5', 0)
 2 SYSTEMPATH\Database\BaseConnection.php(738): CodeIgniter\Database\MySQLi\Connection->execute('SELECT *
FROM `artikel`
ORDER BY `created_at` DESC
 LIMIT 5')
 3 SYSTEMPATH\Database\BaseConnection.php(652): CodeIgniter\Database\BaseConnection->simpleQuery('SELECT *
FROM `artikel`
ORDER BY `created_at` DESC
 LIMIT 5')
 4 SYSTEMPATH\Database\BaseBuilder.php(1649): CodeIgniter\Database\BaseConnection->query('SELECT *
FROM `artikel`
ORDER BY `created_at` DESC
 LIMIT 5', [], false)
 5 SYSTEMPATH\Model.php(213): CodeIgniter\Database\BaseBuilder->get()
 6 SYSTEMPATH\BaseModel.php(613): CodeIgniter\Model->doFind(false, null)
 7 APPPATH\Controllers\Sidebar.php(16): CodeIgniter\BaseModel->find()
 8 SYSTEMPATH\View\Cell.php(283): App\Controllers\Sidebar->widget()
 9 SYSTEMPATH\View\Cell.php(104): CodeIgniter\View\Cell->renderSimpleClass(Object(App\Controllers\Sidebar), 'widget', [], 'App\\Controllers\\Sidebar')
10 SYSTEMPATH\Common.php(1189): CodeIgniter\View\Cell->render('App\\Controllers\\Sidebar::widget', [], 0, 'AppControllersSidebarwidget40cd750bba9870f18aada2478b24840a')
11 APPPATH\Views\template\footer.php(3): view_cell('App\\Controllers\\Sidebar::widget')
12 SYSTEMPATH\View\View.php(224): include('C:\\xampp\\htdocs\\lab7_web\\ci4\\app\\Views\\template\\footer.php')
13 SYSTEMPATH\View\View.php(227): CodeIgniter\View\View->CodeIgniter\View\{closure}()
14 SYSTEMPATH\View\View.php(475): CodeIgniter\View\View->render('template/footer', null, true)
15 APPPATH\Views\artikel\index.php(24): CodeIgniter\View\View->include('template/footer')
16 SYSTEMPATH\View\View.php(224): include('C:\\xampp\\htdocs\\lab7_web\\ci4\\app\\Views\\artikel\\index.php')
17 SYSTEMPATH\View\View.php(227): CodeIgniter\View\View->CodeIgniter\View\{closure}()
18 SYSTEMPATH\Common.php(1173): CodeIgniter\View\View->render('artikel/index', [], true)
19 APPPATH\Controllers\Artikel.php(16): view('artikel/index', [...])
20 SYSTEMPATH\CodeIgniter.php(933): App\Controllers\Artikel->index()
21 SYSTEMPATH\CodeIgniter.php(507): CodeIgniter\CodeIgniter->runController(Object(App\Controllers\Artikel))
22 SYSTEMPATH\CodeIgniter.php(354): CodeIgniter\CodeIgniter->handleRequest(null, Object(Config\Cache), false)
23 SYSTEMPATH\Boot.php(334): CodeIgniter\CodeIgniter->run()
24 SYSTEMPATH\Boot.php(67): CodeIgniter\Boot::runCodeIgniter(Object(CodeIgniter\CodeIgniter))
25 FCPATH\index.php(59): CodeIgniter\Boot::bootWeb(Object(Config\Paths))
26 SYSTEMPATH\rewrite.php(44): require_once('C:\\xampp\\htdocs\\lab7_web\\ci4\\public\\index.php')
ERROR - 2025-07-10 23:18:35 --> mysqli_sql_exception: Unknown column 'created_at' in 'order clause' in C:\xampp\htdocs\lab7_web\ci4\system\Database\MySQLi\Connection.php:327
Stack trace:
#0 C:\xampp\htdocs\lab7_web\ci4\system\Database\MySQLi\Connection.php(327): mysqli->query('SELECT *\nFROM `...', 0)
#1 C:\xampp\htdocs\lab7_web\ci4\system\Database\BaseConnection.php(738): CodeIgniter\Database\MySQLi\Connection->execute('SELECT *\nFROM `...')
#2 C:\xampp\htdocs\lab7_web\ci4\system\Database\BaseConnection.php(652): CodeIgniter\Database\BaseConnection->simpleQuery('SELECT *\nFROM `...')
#3 C:\xampp\htdocs\lab7_web\ci4\system\Database\BaseBuilder.php(1649): CodeIgniter\Database\BaseConnection->query('SELECT *\nFROM `...', Array, false)
#4 C:\xampp\htdocs\lab7_web\ci4\system\Model.php(213): CodeIgniter\Database\BaseBuilder->get()
#5 C:\xampp\htdocs\lab7_web\ci4\system\BaseModel.php(613): CodeIgniter\Model->doFind(false, NULL)
#6 C:\xampp\htdocs\lab7_web\ci4\app\Controllers\Sidebar.php(16): CodeIgniter\BaseModel->find()
#7 C:\xampp\htdocs\lab7_web\ci4\system\View\Cell.php(283): App\Controllers\Sidebar->widget()
#8 C:\xampp\htdocs\lab7_web\ci4\system\View\Cell.php(104): CodeIgniter\View\Cell->renderSimpleClass(Object(App\Controllers\Sidebar), 'widget', Array, 'App\\Controllers...')
#9 C:\xampp\htdocs\lab7_web\ci4\system\Common.php(1189): CodeIgniter\View\Cell->render('App\\Controllers...', Array, 0, 'AppControllersS...')
#10 C:\xampp\htdocs\lab7_web\ci4\app\Views\template\footer.php(3): view_cell('App\\Controllers...')
#11 C:\xampp\htdocs\lab7_web\ci4\system\View\View.php(224): include('C:\\xampp\\htdocs...')
#12 C:\xampp\htdocs\lab7_web\ci4\system\View\View.php(227): CodeIgniter\View\View->CodeIgniter\View\{closure}()
#13 C:\xampp\htdocs\lab7_web\ci4\system\View\View.php(475): CodeIgniter\View\View->render('template/footer', NULL, true)
#14 C:\xampp\htdocs\lab7_web\ci4\app\Views\artikel\index.php(24): CodeIgniter\View\View->include('template/footer')
#15 C:\xampp\htdocs\lab7_web\ci4\system\View\View.php(224): include('C:\\xampp\\htdocs...')
#16 C:\xampp\htdocs\lab7_web\ci4\system\View\View.php(227): CodeIgniter\View\View->CodeIgniter\View\{closure}()
#17 C:\xampp\htdocs\lab7_web\ci4\system\Common.php(1173): CodeIgniter\View\View->render('artikel/index', Array, true)
#18 C:\xampp\htdocs\lab7_web\ci4\app\Controllers\Artikel.php(16): view('artikel/index', Array)
#19 C:\xampp\htdocs\lab7_web\ci4\system\CodeIgniter.php(933): App\Controllers\Artikel->index()
#20 C:\xampp\htdocs\lab7_web\ci4\system\CodeIgniter.php(507): CodeIgniter\CodeIgniter->runController(Object(App\Controllers\Artikel))
#21 C:\xampp\htdocs\lab7_web\ci4\system\CodeIgniter.php(354): CodeIgniter\CodeIgniter->handleRequest(NULL, Object(Config\Cache), false)
#22 C:\xampp\htdocs\lab7_web\ci4\system\Boot.php(334): CodeIgniter\CodeIgniter->run()
#23 C:\xampp\htdocs\lab7_web\ci4\system\Boot.php(67): CodeIgniter\Boot::runCodeIgniter(Object(CodeIgniter\CodeIgniter))
#24 C:\xampp\htdocs\lab7_web\ci4\public\index.php(59): CodeIgniter\Boot::bootWeb(Object(Config\Paths))
#25 C:\xampp\htdocs\lab7_web\ci4\system\rewrite.php(44): require_once('C:\\xampp\\htdocs...')
#26 {main}
CRITICAL - 2025-07-10 23:18:35 --> CodeIgniter\Database\Exceptions\DatabaseException: Unknown column 'created_at' in 'order clause'
[Method: GET, Route: artikel]
in SYSTEMPATH\Database\BaseConnection.php on line 692.
 1 SYSTEMPATH\Database\BaseBuilder.php(1649): CodeIgniter\Database\BaseConnection->query('SELECT *
FROM `artikel`
ORDER BY `created_at` DESC
 LIMIT 5', [], false)
 2 SYSTEMPATH\Model.php(213): CodeIgniter\Database\BaseBuilder->get()
 3 SYSTEMPATH\BaseModel.php(613): CodeIgniter\Model->doFind(false, null)
 4 APPPATH\Controllers\Sidebar.php(16): CodeIgniter\BaseModel->find()
 5 SYSTEMPATH\View\Cell.php(283): App\Controllers\Sidebar->widget()
 6 SYSTEMPATH\View\Cell.php(104): CodeIgniter\View\Cell->renderSimpleClass(Object(App\Controllers\Sidebar), 'widget', [], 'App\\Controllers\\Sidebar')
 7 SYSTEMPATH\Common.php(1189): CodeIgniter\View\Cell->render('App\\Controllers\\Sidebar::widget', [], 0, 'AppControllersSidebarwidget40cd750bba9870f18aada2478b24840a')
 8 APPPATH\Views\template\footer.php(3): view_cell('App\\Controllers\\Sidebar::widget')
 9 SYSTEMPATH\View\View.php(224): include('C:\\xampp\\htdocs\\lab7_web\\ci4\\app\\Views\\template\\footer.php')
10 SYSTEMPATH\View\View.php(227): CodeIgniter\View\View->CodeIgniter\View\{closure}()
11 SYSTEMPATH\View\View.php(475): CodeIgniter\View\View->render('template/footer', null, true)
12 APPPATH\Views\artikel\index.php(24): CodeIgniter\View\View->include('template/footer')
13 SYSTEMPATH\View\View.php(224): include('C:\\xampp\\htdocs\\lab7_web\\ci4\\app\\Views\\artikel\\index.php')
14 SYSTEMPATH\View\View.php(227): CodeIgniter\View\View->CodeIgniter\View\{closure}()
15 SYSTEMPATH\Common.php(1173): CodeIgniter\View\View->render('artikel/index', [], true)
16 APPPATH\Controllers\Artikel.php(16): view('artikel/index', [...])
17 SYSTEMPATH\CodeIgniter.php(933): App\Controllers\Artikel->index()
18 SYSTEMPATH\CodeIgniter.php(507): CodeIgniter\CodeIgniter->runController(Object(App\Controllers\Artikel))
19 SYSTEMPATH\CodeIgniter.php(354): CodeIgniter\CodeIgniter->handleRequest(null, Object(Config\Cache), false)
20 SYSTEMPATH\Boot.php(334): CodeIgniter\CodeIgniter->run()
21 SYSTEMPATH\Boot.php(67): CodeIgniter\Boot::runCodeIgniter(Object(CodeIgniter\CodeIgniter))
22 FCPATH\index.php(59): CodeIgniter\Boot::bootWeb(Object(Config\Paths))
23 SYSTEMPATH\rewrite.php(44): require_once('C:\\xampp\\htdocs\\lab7_web\\ci4\\public\\index.php')
CRITICAL - 2025-07-10 23:18:35 --> [Caused by] CodeIgniter\Database\Exceptions\DatabaseException: Unknown column 'created_at' in 'order clause'
in SYSTEMPATH\Database\MySQLi\Connection.php on line 332.
 1 SYSTEMPATH\Database\BaseConnection.php(738): CodeIgniter\Database\MySQLi\Connection->execute('SELECT *
FROM `artikel`
ORDER BY `created_at` DESC
 LIMIT 5')
 2 SYSTEMPATH\Database\BaseConnection.php(652): CodeIgniter\Database\BaseConnection->simpleQuery('SELECT *
FROM `artikel`
ORDER BY `created_at` DESC
 LIMIT 5')
 3 SYSTEMPATH\Database\BaseBuilder.php(1649): CodeIgniter\Database\BaseConnection->query('SELECT *
FROM `artikel`
ORDER BY `created_at` DESC
 LIMIT 5', [], false)
 4 SYSTEMPATH\Model.php(213): CodeIgniter\Database\BaseBuilder->get()
 5 SYSTEMPATH\BaseModel.php(613): CodeIgniter\Model->doFind(false, null)
 6 APPPATH\Controllers\Sidebar.php(16): CodeIgniter\BaseModel->find()
 7 SYSTEMPATH\View\Cell.php(283): App\Controllers\Sidebar->widget()
 8 SYSTEMPATH\View\Cell.php(104): CodeIgniter\View\Cell->renderSimpleClass(Object(App\Controllers\Sidebar), 'widget', [], 'App\\Controllers\\Sidebar')
 9 SYSTEMPATH\Common.php(1189): CodeIgniter\View\Cell->render('App\\Controllers\\Sidebar::widget', [], 0, 'AppControllersSidebarwidget40cd750bba9870f18aada2478b24840a')
10 APPPATH\Views\template\footer.php(3): view_cell('App\\Controllers\\Sidebar::widget')
11 SYSTEMPATH\View\View.php(224): include('C:\\xampp\\htdocs\\lab7_web\\ci4\\app\\Views\\template\\footer.php')
12 SYSTEMPATH\View\View.php(227): CodeIgniter\View\View->CodeIgniter\View\{closure}()
13 SYSTEMPATH\View\View.php(475): CodeIgniter\View\View->render('template/footer', null, true)
14 APPPATH\Views\artikel\index.php(24): CodeIgniter\View\View->include('template/footer')
15 SYSTEMPATH\View\View.php(224): include('C:\\xampp\\htdocs\\lab7_web\\ci4\\app\\Views\\artikel\\index.php')
16 SYSTEMPATH\View\View.php(227): CodeIgniter\View\View->CodeIgniter\View\{closure}()
17 SYSTEMPATH\Common.php(1173): CodeIgniter\View\View->render('artikel/index', [], true)
18 APPPATH\Controllers\Artikel.php(16): view('artikel/index', [...])
19 SYSTEMPATH\CodeIgniter.php(933): App\Controllers\Artikel->index()
20 SYSTEMPATH\CodeIgniter.php(507): CodeIgniter\CodeIgniter->runController(Object(App\Controllers\Artikel))
21 SYSTEMPATH\CodeIgniter.php(354): CodeIgniter\CodeIgniter->handleRequest(null, Object(Config\Cache), false)
22 SYSTEMPATH\Boot.php(334): CodeIgniter\CodeIgniter->run()
23 SYSTEMPATH\Boot.php(67): CodeIgniter\Boot::runCodeIgniter(Object(CodeIgniter\CodeIgniter))
24 FCPATH\index.php(59): CodeIgniter\Boot::bootWeb(Object(Config\Paths))
25 SYSTEMPATH\rewrite.php(44): require_once('C:\\xampp\\htdocs\\lab7_web\\ci4\\public\\index.php')
CRITICAL - 2025-07-10 23:18:35 --> [Caused by] mysqli_sql_exception: Unknown column 'created_at' in 'order clause'
in SYSTEMPATH\Database\MySQLi\Connection.php on line 327.
 1 SYSTEMPATH\Database\MySQLi\Connection.php(327): mysqli->query('SELECT *
FROM `artikel`
ORDER BY `created_at` DESC
 LIMIT 5', 0)
 2 SYSTEMPATH\Database\BaseConnection.php(738): CodeIgniter\Database\MySQLi\Connection->execute('SELECT *
FROM `artikel`
ORDER BY `created_at` DESC
 LIMIT 5')
 3 SYSTEMPATH\Database\BaseConnection.php(652): CodeIgniter\Database\BaseConnection->simpleQuery('SELECT *
FROM `artikel`
ORDER BY `created_at` DESC
 LIMIT 5')
 4 SYSTEMPATH\Database\BaseBuilder.php(1649): CodeIgniter\Database\BaseConnection->query('SELECT *
FROM `artikel`
ORDER BY `created_at` DESC
 LIMIT 5', [], false)
 5 SYSTEMPATH\Model.php(213): CodeIgniter\Database\BaseBuilder->get()
 6 SYSTEMPATH\BaseModel.php(613): CodeIgniter\Model->doFind(false, null)
 7 APPPATH\Controllers\Sidebar.php(16): CodeIgniter\BaseModel->find()
 8 SYSTEMPATH\View\Cell.php(283): App\Controllers\Sidebar->widget()
 9 SYSTEMPATH\View\Cell.php(104): CodeIgniter\View\Cell->renderSimpleClass(Object(App\Controllers\Sidebar), 'widget', [], 'App\\Controllers\\Sidebar')
10 SYSTEMPATH\Common.php(1189): CodeIgniter\View\Cell->render('App\\Controllers\\Sidebar::widget', [], 0, 'AppControllersSidebarwidget40cd750bba9870f18aada2478b24840a')
11 APPPATH\Views\template\footer.php(3): view_cell('App\\Controllers\\Sidebar::widget')
12 SYSTEMPATH\View\View.php(224): include('C:\\xampp\\htdocs\\lab7_web\\ci4\\app\\Views\\template\\footer.php')
13 SYSTEMPATH\View\View.php(227): CodeIgniter\View\View->CodeIgniter\View\{closure}()
14 SYSTEMPATH\View\View.php(475): CodeIgniter\View\View->render('template/footer', null, true)
15 APPPATH\Views\artikel\index.php(24): CodeIgniter\View\View->include('template/footer')
16 SYSTEMPATH\View\View.php(224): include('C:\\xampp\\htdocs\\lab7_web\\ci4\\app\\Views\\artikel\\index.php')
17 SYSTEMPATH\View\View.php(227): CodeIgniter\View\View->CodeIgniter\View\{closure}()
18 SYSTEMPATH\Common.php(1173): CodeIgniter\View\View->render('artikel/index', [], true)
19 APPPATH\Controllers\Artikel.php(16): view('artikel/index', [...])
20 SYSTEMPATH\CodeIgniter.php(933): App\Controllers\Artikel->index()
21 SYSTEMPATH\CodeIgniter.php(507): CodeIgniter\CodeIgniter->runController(Object(App\Controllers\Artikel))
22 SYSTEMPATH\CodeIgniter.php(354): CodeIgniter\CodeIgniter->handleRequest(null, Object(Config\Cache), false)
23 SYSTEMPATH\Boot.php(334): CodeIgniter\CodeIgniter->run()
24 SYSTEMPATH\Boot.php(67): CodeIgniter\Boot::runCodeIgniter(Object(CodeIgniter\CodeIgniter))
25 FCPATH\index.php(59): CodeIgniter\Boot::bootWeb(Object(Config\Paths))
26 SYSTEMPATH\rewrite.php(44): require_once('C:\\xampp\\htdocs\\lab7_web\\ci4\\public\\index.php')
